Date/Hour: 15-03-2014/16:45:27 - Username: biagio.saitta - Request: mail - Answer: FAILED - Details: oggetto prova protocollo - prot 3 - destinatari:biagiosaitta@hotmail.it
Date/Hour: 11-04-2014/17:18:54 - Username: biagio.saitta - Request: mail - Answer: FAILED - Details: oggetto porva - prot 26 - destinatari:biagiosaitta@hotmail.it
Date/Hour: 11-04-2014/18:08:53 - Username: biagio.saitta - Request: bug report - Answer: FAILED - Details: Pagina: as
Date/Hour: 13-04-2014/16:54:53 - Username: biagio.saitta - Request: bug report - Answer: SUCCESSFUL - Details: Pagina: prova
Date/Hour: 24-04-2014/22:38:36 - Username: biagio.saitta - Request: bug report - Answer: SUCCESSFUL - Details: Pagina: d
Date/Hour: 24-04-2014/22:39:00 - Username: biagio.saitta - Request: bug report - Answer: SUCCESSFUL - Details: Pagina: d
Date/Hour: 24-04-2014/22:39:54 - Username: biagio.saitta - Request: bug report - Answer: SUCCESSFUL - Details: Pagina: d
Date/Hour: 24-04-2014/22:40:03 - Username: biagio.saitta - Request: bug report - Answer: SUCCESSFUL - Details: Pagina: 
Date/Hour: 24-04-2014/22:41:00 - Username: biagio.saitta - Request: bug report - Answer: SUCCESSFUL - Details: Pagina: sds
Date/Hour: 24-04-2014/22:41:25 - Username: biagio.saitta - Request: bug report - Answer: SUCCESSFUL - Details: Pagina: sds
Date/Hour: 26-04-2014/23:59:33 - Username: biagio.saitta - Request: mail - Answer: SUCCESSFUL - Details: oggetto  - prot 42 - destinatari:
Date/Hour: 27-04-2014/00:00:02 - Username: biagio.saitta - Request: mail - Answer: SUCCESSFUL - Details: oggetto  - prot 42 - destinatari:ad
Date/Hour: 27-04-2014/00:08:41 - Username: biagio.saitta - Request: mail - Answer: SUCCESSFUL - Details: oggetto  - prot 42 - destinatari:ad
Date/Hour: 27-04-2014/00:12:29 - Username: biagio.saitta - Request: mail - Answer: SUCCESSFUL - Details: oggetto  - prot 42 - destinatari:ad
Date/Hour: 27-04-2014/00:12:55 - Username: biagio.saitta - Request: mail - Answer: SUCCESSFUL - Details: oggetto  - prot 42 - destinatari:ad
Date/Hour: 27-04-2014/00:13:13 - Username: biagio.saitta - Request: mail - Answer: SUCCESSFUL - Details: oggetto  - prot 42 - destinatari:gf
Date/Hour: 04-01-2013/00:16:19 - Username: biagio.saitta - Request: mail - Answer: SUCCESSFUL - Details: oggetto  - prot 42 - destinatari:gf
Date/Hour: 05-06-2014/12:28:54 - Username: biagio.saitta - Request: mail - Answer: SUCCESSFUL - Details: oggetto as - prot 123 - destinatari:as
Date/Hour: 05-06-2014/20:23:45 - Username: biagio.saitta - Request: mail - Answer: SUCCESSFUL - Details: oggetto  - prot 122 - destinatari:biagiosaitta@hotmail.it
Date/Hour: 05-06-2014/20:52:11 - Username: biagio.saitta - Request: mail - Answer: FAILED - Details: oggetto  - prot 123 - destinatari:
Date/Hour: 05-06-2014/20:53:58 - Username: biagio.saitta - Request: mail - Answer: FAILED - Details: oggetto  - prot 123 - destinatari:
Date/Hour: 05-06-2014/20:54:24 - Username: biagio.saitta - Request: mail - Answer: FAILED - Details: oggetto  - prot 123 - destinatari:
Date/Hour: 05-06-2014/20:54:58 - Username: biagio.saitta - Request: mail - Answer: FAILED - Details: oggetto  - prot 123 - destinatari:biagiosaitta@hotmail.it
Date/Hour: 05-06-2014/20:55:21 - Username: biagio.saitta - Request: mail - Answer: SUCCESSFUL - Details: oggetto prova - prot 123 - destinatari:biagiosaitta@hotmail.it
Date/Hour: 05-06-2014/20:58:02 - Username: biagio.saitta - Request: mail - Answer: SUCCESSFUL - Details: oggetto prova - prot 123 - destinatari:biagiosaitta@hotmail.it
Date/Hour: 06-06-2014/00:02:33 - Username: biagio.saitta - Request: mail - Answer: FAILED - Details: oggetto  - prot 123 - destinatari:biagiosaitta@hotmail.it
Date/Hour: 06-06-2014/00:02:46 - Username: biagio.saitta - Request: mail - Answer: FAILED - Details: oggetto b - prot 123 - destinatari:biagiosaitta@hotmail.it
Date/Hour: 06-06-2014/00:03:18 - Username: biagio.saitta - Request: mail - Answer: FAILED - Details: oggetto b - prot 123 - destinatari:biagiosaitta@hotmail.it
Date/Hour: 06-06-2014/00:03:56 - Username: biagio.saitta - Request: mail - Answer: FAILED - Details: oggetto b - prot 123 - destinatari:biagiosaitta@hotmail.it
Date/Hour: 06-06-2014/00:04:18 - Username: biagio.saitta - Request: mail - Answer: FAILED - Details: oggetto dadd - prot 122 - destinatari:biagiosaitta@hotmail.it,bia.saitta@gmail.com
Date: 21/06/2014 - Hour: 23:01:55 - Username: biagio.saitta - Request: mail - Answer: FAILED - Details: oggetto asdrf - prot 173 - destinatari:biagiosaitta@hotmail.it
Date: 21/06/2014 - Hour: 23:04:27 - Username: biagio.saitta - Request: mail - Answer: FAILED - Details: oggetto RR - prot 173 - destinatari:biagiosaitta@hotmail.it
Date: 13/07/2014 - Hour: 19:31:24 - Username: biagio.saitta - Request: mail - Answer: FAILED - Details: oggetto sf - prot 173 - destinatari:biagiosaitta@hotmail.it
Date: 18/07/2014 - Hour: 16:49:17 - Username: biagio.saitta - Request: mail - Answer: FAILED - Details: oggetto asasas - prot 186 - destinatari:biagiosaitta@hotmail.it,cazzo@cazzo.it,prova@example.it
Date: 08/08/2014 - Hour: 22:12:35 - Username: biagio.saitta - Request: send notifications - Answer:  - Details: notifica automatica - inserisci lettera
Date: 08/08/2014 - Hour: 22:21:45 - Username: biagio.saitta - Request: send notifications - Answer:  - Details: notifica automatica - modifica lettera
Date: 08/08/2014 - Hour: 22:22:40 - Username: biagio.saitta - Request: send notifications - Answer:  - Details: notifica automatica - modifica lettera
Date: 08/08/2014 - Hour: 22:23:32 - Username: biagio.saitta - Request: send notifications - Answer:  - Details: notifica automatica - modifica lettera
Date: 08/08/2014 - Hour: 22:33:44 - Username: biagio.saitta - Request: send notifications - Answer:  - Details: notifica automatica - modifica lettera
Date: 08/08/2014 - Hour: 22:50:31 - Username: biagio.saitta - Request: send notifications - Answer:  - Details: notifica automatica - inserisci lettera
Date: 08/08/2014 - Hour: 22:53:37 - Username: biagio.saitta - Request: send notifications - Answer:  - Details: notifica automatica - inserisci lettera
Date: 08/08/2014 - Hour: 22:54:46 - Username: biagio.saitta - Request: send notifications - Answer:  - Details: notifica automatica - inserisci lettera
Date: 09/08/2014 - Hour: 15:44:11 - Username: biagio.saitta - Request: send notifications - Answer:  - Details: notifica automatica - modifica lettera
Date: 09/08/2014 - Hour: 15:47:41 - Username: biagio.saitta - Request: send notifications - Answer:  - Details: notifica automatica - modifica lettera
Date: 09/08/2014 - Hour: 15:49:21 - Username: biagio.saitta - Request: send notifications - Answer:  - Details: notifica automatica - inserisci lettera
Date: 09/08/2014 - Hour: 15:52:20 - Username: biagio.saitta - Request: send notifications - Answer:  - Details: notifica automatica - inserisci lettera
Date: 09/08/2014 - Hour: 15:53:35 - Username: biagio.saitta - Request: send notifications - Answer:  - Details: notifica automatica - inserisci lettera
Date: 09/08/2014 - Hour: 15:54:02 - Username: biagio.saitta - Request: send notifications - Answer:  - Details: notifica automatica - inserisci lettera
Date: 09/08/2014 - Hour: 16:03:33 - Username: biagio.saitta - Request: send notifications - Answer:  - Details: notifica automatica - inserisci lettera
Date: 09/08/2014 - Hour: 16:03:59 - Username: biagio.saitta - Request: send notifications - Answer:  - Details: notifica automatica - modifica lettera
Date: 09/08/2014 - Hour: 18:14:44 - Username: biagio.saitta - Request: send notifications - Answer:  - Details: notifica automatica - modifica lettera
Date: 09/08/2014 - Hour: 18:15:45 - Username: biagio.saitta - Request: send notifications - Answer:  - Details: notifica automatica - inserisci lettera
Date: 14/08/2014 - Hour: 00:30:35 - Username: biagio.saitta - Request: send notifications - Answer:  - Details: notifica automatica - inserisci lettera
Date: 14/08/2014 - Hour: 00:31:37 - Username: biagio.saitta - Request: send notifications - Answer:  - Details: notifica automatica - inserisci lettera
Date: 14/08/2014 - Hour: 00:44:53 - Username: biagio.saitta - Request: send notifications - Answer:  - Details: notifica automatica - inserisci lettera
Date: 25/09/2014 - Hour: 23:04:55 - Username: biagio.saitta - Request: mail - Answer: FAILED - Details: oggetto ss - prot 85 - destinatari:sd
Date: 25/09/2014 - Hour: 23:07:40 - Username: biagio.saitta - Request: mail - Answer: FAILED - Details: oggetto ss - prot 85 - destinatari:biagiosaitta@hotmail.it
Date: 26/09/2014 - Hour: 18:37:43 - Username: biagio.saitta - Request: mail - Answer: FAILED - Details: oggetto rgg - prot 87 - destinatari:asas
Date: 26/09/2014 - Hour: 18:39:34 - Username: biagio.saitta - Request: mail - Answer: FAILED - Details: oggetto sdd - prot 86 - destinatari:fgh
Date: 26/09/2014 - Hour: 18:40:07 - Username: biagio.saitta - Request: mail - Answer: FAILED - Details: oggetto ytjtyj - prot 86 - destinatari:ffg
Date: 26/09/2014 - Hour: 18:40:21 - Username: biagio.saitta - Request: mail - Answer: FAILED - Details: oggetto ytjtyj - prot 86 - destinatari:ffg
Date: 26/09/2014 - Hour: 18:42:39 - Username: biagio.saitta - Request: mail - Answer: FAILED - Details: oggetto sdd - prot 86 - destinatari:jjj
Date: 26/09/2014 - Hour: 18:45:19 - Username: biagio.saitta - Request: mail - Answer: FAILED - Details: oggetto sdd - prot 86 - destinatari:g
Date: 26/09/2014 - Hour: 18:46:30 - Username: biagio.saitta - Request: mail - Answer: FAILED - Details: oggetto sdd - prot 86 - destinatari:rgdrgg
Date: 26/09/2014 - Hour: 18:47:53 - Username: biagio.saitta - Request: mail - Answer: FAILED - Details: oggetto sdsd - prot 87 - destinatari:rrfrf
Date: 26/09/2014 - Hour: 18:57:28 - Username: biagio.saitta - Request: mail - Answer: FAILED - Details: oggetto rdrd - prot 87 - destinatari:eded,biagiosaitta@hotmail.it
Date: 26/09/2014 - Hour: 18:58:01 - Username: biagio.saitta - Request: mail - Answer: FAILED - Details: oggetto ss - prot 85 - destinatari:biagiosaitta@hotmail.it
